2010-11-05 10:27:50,536 [EventListenersContainerSessionChecker] WARN  org.hippoecm.hst.core.jcr.EventListenersContainerImpl - - INFO: EventListenersContainer's initialization done.
2010-11-05 10:28:33,631 [7716408@qtp-816382-0] WARN  org.hippoecm.hst.core.container.HstComponentInvokerImpl - Component exception caught: org.hippoecm.hst.core.component.HstComponentException: Missing or empty parameter 'token'
2010-11-05 10:28:35,028 [7716408@qtp-816382-0] WARN  org.hippoecm.hst.core.container.DefaultPageErrorHandler - Component exception found on eu.jasha.website.components.socialmedia.TwitterListing. 
2010-11-05 10:51:22,905 [EventListenersContainerSessionChecker] WARN  org.hippoecm.hst.core.jcr.EventListenersContainerImpl - - INFO: EventListenersContainer's initialization done.
2010-11-05 10:51:49,195 [7059772@qtp-8956272-0] WARN  org.hippoecm.hst.core.container.HstComponentInvokerImpl - Component exception caught: org.hippoecm.hst.core.component.HstComponentException: Missing or empty parameter 'token'
2010-11-05 10:51:50,685 [7059772@qtp-8956272-0] WARN  org.hippoecm.hst.core.container.DefaultPageErrorHandler - Component exception found on eu.jasha.website.components.socialmedia.TwitterListing. 
2010-11-05 10:52:07,779 [7059772@qtp-8956272-0] WARN  org.hippoecm.hst.core.container.HstComponentInvokerImpl - Component exception caught: org.hippoecm.hst.core.component.HstComponentException: Missing or empty parameter 'token'
2010-11-05 10:52:08,595 [7059772@qtp-8956272-0] WARN  org.hippoecm.hst.core.container.DefaultPageErrorHandler - Component exception found on eu.jasha.website.components.socialmedia.TwitterListing. 
2010-11-05 12:49:51,898 [EventListenersContainerSessionChecker] WARN  org.hippoecm.hst.core.jcr.EventListenersContainerImpl - - INFO: EventListenersContainer's initialization done.
2010-11-05 12:50:09,105 [26270841@qtp-12329707-0] WARN  org.hippoecm.hst.core.container.HstComponentInvokerImpl - Component exception caught: org.hippoecm.hst.core.component.HstComponentException: Missing or empty parameter 'token'
2010-11-05 12:50:10,356 [26270841@qtp-12329707-0] WARN  org.hippoecm.hst.core.container.DefaultPageErrorHandler - Component exception found on eu.jasha.website.components.socialmedia.TwitterListing. 
2010-11-05 12:50:13,620 [26270841@qtp-12329707-0] WARN  org.hippoecm.hst.core.container.HstComponentInvokerImpl - Component exception caught on window 00-archive with component eu.jasha.website.components.AsideArchive: org.apache.jasper.JasperException: javax.el.PropertyNotFoundException: The class 'org.hippoecm.hst.content.beans.standard.HippoFolder' does not have the property 'count'.
2010-11-05 12:50:14,581 [26270841@qtp-12329707-0] WARN  org.hippoecm.hst.core.container.DefaultPageErrorHandler - Component exception found on eu.jasha.website.components.AsideArchive. 
2010-11-05 12:50:34,722 [26270841@qtp-12329707-0] WARN  org.hippoecm.hst.core.container.HstComponentInvokerImpl - Component exception caught: org.hippoecm.hst.core.component.HstComponentException: Missing or empty parameter 'token'
2010-11-05 12:50:35,578 [26270841@qtp-12329707-0] WARN  org.hippoecm.hst.core.container.DefaultPageErrorHandler - Component exception found on eu.jasha.website.components.socialmedia.TwitterListing. 
2010-11-05 12:50:36,130 [26270841@qtp-12329707-0] WARN  org.hippoecm.hst.core.container.HstComponentInvokerImpl - Component exception caught on window 01-archive with component eu.jasha.website.components.AsideArchive: org.apache.jasper.JasperException: javax.el.PropertyNotFoundException: The class 'org.hippoecm.hst.content.beans.standard.HippoFolder' does not have the property 'count'.
2010-11-05 12:50:37,407 [26270841@qtp-12329707-0] WARN  org.hippoecm.hst.core.container.DefaultPageErrorHandler - Component exception found on eu.jasha.website.components.AsideArchive. 
2010-11-05 13:14:08,916 [EventListenersContainerSessionChecker] WARN  org.hippoecm.hst.core.jcr.EventListenersContainerImpl - - INFO: EventListenersContainer's initialization done.
2010-11-05 13:14:30,448 [29824264@qtp-7057188-0] WARN  org.hippoecm.hst.core.container.HstComponentInvokerImpl - Component exception caught: org.hippoecm.hst.core.component.HstComponentException: Missing or empty parameter 'token'
2010-11-05 13:14:31,902 [29824264@qtp-7057188-0] WARN  org.hippoecm.hst.core.container.DefaultPageErrorHandler - Component exception found on eu.jasha.website.components.socialmedia.TwitterListing. 
2010-11-05 13:14:35,420 [29824264@qtp-7057188-0] WARN  org.hippoecm.hst.core.container.HstComponentInvokerImpl - Component exception caught on window 00-archive with component eu.jasha.website.components.AsideArchive: org.apache.jasper.JasperException: javax.el.PropertyNotFoundException: The class 'org.hippoecm.hst.content.beans.standard.HippoFolder' does not have the property 'count'.
2010-11-05 13:14:36,156 [29824264@qtp-7057188-0] WARN  org.hippoecm.hst.core.container.DefaultPageErrorHandler - Component exception found on eu.jasha.website.components.AsideArchive. 
2010-11-05 13:16:53,552 [29824264@qtp-7057188-0] WARN  org.hippoecm.hst.core.container.HstComponentInvokerImpl - Component exception caught: org.hippoecm.hst.core.component.HstComponentException: Missing or empty parameter 'token'
2010-11-05 13:16:54,500 [29824264@qtp-7057188-0] WARN  org.hippoecm.hst.core.container.DefaultPageErrorHandler - Component exception found on eu.jasha.website.components.socialmedia.TwitterListing. 
2010-11-05 13:19:22,972 [29824264@qtp-7057188-0] WARN  org.hippoecm.hst.core.container.HstComponentInvokerImpl - Component exception caught: org.hippoecm.hst.core.component.HstComponentException: Missing or empty parameter 'token'
2010-11-05 13:19:23,807 [29824264@qtp-7057188-0] WARN  org.hippoecm.hst.core.container.DefaultPageErrorHandler - Component exception found on eu.jasha.website.components.socialmedia.TwitterListing. 
2010-11-05 13:19:24,380 [29824264@qtp-7057188-0] WARN  org.hippoecm.hst.core.container.HstComponentInvokerImpl - Component exception caught on window 00-archive with component eu.jasha.website.components.AsideArchive: org.apache.jasper.JasperException: javax.el.PropertyNotFoundException: The class 'org.hippoecm.hst.content.beans.standard.HippoDirectory' does not have the property 'count'.
2010-11-05 13:19:24,494 [29824264@qtp-7057188-0] WARN  org.hippoecm.hst.core.container.DefaultPageErrorHandler - Component exception found on eu.jasha.website.components.AsideArchive. 
2010-11-05 13:20:20,927 [29824264@qtp-7057188-0] WARN  org.hippoecm.hst.core.container.HstComponentInvokerImpl - Component exception caught: org.hippoecm.hst.core.component.HstComponentException: Missing or empty parameter 'token'
2010-11-05 13:20:21,728 [29824264@qtp-7057188-0] WARN  org.hippoecm.hst.core.container.DefaultPageErrorHandler - Component exception found on eu.jasha.website.components.socialmedia.TwitterListing. 
2010-11-05 13:21:44,216 [15825455@qtp-7057188-5] WARN  org.hippoecm.hst.core.container.HstComponentInvokerImpl - Component exception caught: org.hippoecm.hst.core.component.HstComponentException: Missing or empty parameter 'token'
2010-11-05 13:21:45,041 [15825455@qtp-7057188-5] WARN  org.hippoecm.hst.core.container.DefaultPageErrorHandler - Component exception found on eu.jasha.website.components.socialmedia.TwitterListing. 
2010-11-05 13:24:06,994 [17527608@qtp-7057188-7] WARN  org.hippoecm.hst.core.container.HstComponentInvokerImpl - Component exception caught: org.hippoecm.hst.core.component.HstComponentException: Missing or empty parameter 'token'
2010-11-05 13:24:07,843 [17527608@qtp-7057188-7] WARN  org.hippoecm.hst.core.container.DefaultPageErrorHandler - Component exception found on eu.jasha.website.components.socialmedia.TwitterListing. 
2010-11-05 14:07:24,101 [EventListenersContainerSessionChecker] WARN  org.hippoecm.hst.core.jcr.EventListenersContainerImpl - - INFO: EventListenersContainer's initialization done.
2010-11-05 14:07:37,068 [32063654@qtp-32485379-0] WARN  org.hippoecm.hst.core.container.HstComponentInvokerImpl - Component exception caught: org.hippoecm.hst.core.component.HstComponentException: Missing or empty parameter 'token'
2010-11-05 14:07:38,437 [32063654@qtp-32485379-0] WARN  org.hippoecm.hst.core.container.DefaultPageErrorHandler - Component exception found on org.onehippo.weblogdemo.components.socialmedia.TwitterListing. 
2010-11-05 14:39:51,227 [EventListenersContainerSessionChecker] WARN  org.hippoecm.hst.core.jcr.EventListenersContainerImpl - - INFO: EventListenersContainer's initialization done.
2010-11-05 14:40:16,492 [2885298@qtp-10993018-0] WARN  org.hippoecm.hst.core.container.HstComponentInvokerImpl - Component exception caught: org.hippoecm.hst.core.component.HstComponentException: Missing or empty parameter 'token'
2010-11-05 14:40:18,042 [2885298@qtp-10993018-0] WARN  org.hippoecm.hst.core.container.DefaultPageErrorHandler - Component exception found on org.onehippo.weblogdemo.components.socialmedia.TwitterListing. 
